2018-03-02 08:01:34.070 [main] INFO  fr.thib.Main - Start Developer mode
2018-03-02 08:07:25.230 [AWT-EventQueue-0] INFO  fr.thib.view.game2.Game2 - New instance of G2Defender.
2018-03-02 08:07:25.243 [AWT-EventQueue-0] INFO  fr.thib.model.game2.Combi - New instance of Combi.
2018-03-02 08:07:25.243 [AWT-EventQueue-0] DEBUG fr.thib.model.game2.Combi - The randomly generated combination is: White Green Orange Magenta Black Blue 
2018-03-02 08:07:28.336 [AWT-EventQueue-0] DEBUG fr.thib.model.game2.Combi - Number of solutions before the algorithm: 1000000
2018-03-02 08:07:28.336 [AWT-EventQueue-0] DEBUG fr.thib.model.game2.Combi - Number of solutions after the algorithm: 208945
2018-03-02 08:07:28.340 [AWT-EventQueue-0] INFO  fr.thib.model.game2.Combi - Time to execute 'searchCombi': 221ms
2018-03-02 08:07:28.892 [AWT-EventQueue-0] DEBUG fr.thib.model.game2.Combi - Number of solutions before the algorithm: 208945
2018-03-02 08:07:28.892 [AWT-EventQueue-0] DEBUG fr.thib.model.game2.Combi - Number of solutions after the algorithm: 45844
2018-03-02 08:07:28.892 [AWT-EventQueue-0] INFO  fr.thib.model.game2.Combi - Time to execute 'searchCombi': 38ms
2018-03-02 08:07:29.242 [AWT-EventQueue-0] DEBUG fr.thib.model.game2.Combi - Number of solutions before the algorithm: 45844
2018-03-02 08:07:29.242 [AWT-EventQueue-0] DEBUG fr.thib.model.game2.Combi - Number of solutions after the algorithm: 678
2018-03-02 08:07:29.242 [AWT-EventQueue-0] INFO  fr.thib.model.game2.Combi - Time to execute 'searchCombi': 15ms
2018-03-02 08:07:29.456 [AWT-EventQueue-0] DEBUG fr.thib.model.game2.Combi - Number of solutions before the algorithm: 678
2018-03-02 08:07:29.456 [AWT-EventQueue-0] DEBUG fr.thib.model.game2.Combi - Number of solutions after the algorithm: 69
2018-03-02 08:07:29.466 [AWT-EventQueue-0] INFO  fr.thib.model.game2.Combi - Time to execute 'searchCombi': 10ms
2018-03-02 08:07:29.855 [AWT-EventQueue-0] DEBUG fr.thib.model.game2.Combi - Number of solutions before the algorithm: 69
2018-03-02 08:07:29.855 [AWT-EventQueue-0] DEBUG fr.thib.model.game2.Combi - Number of solutions after the algorithm: 9
2018-03-02 08:07:29.855 [AWT-EventQueue-0] INFO  fr.thib.model.game2.Combi - Time to execute 'searchCombi': 0ms
2018-03-02 08:07:30.208 [AWT-EventQueue-0] DEBUG fr.thib.model.game2.Combi - Number of solutions before the algorithm: 9
2018-03-02 08:07:30.208 [AWT-EventQueue-0] DEBUG fr.thib.model.game2.Combi - Number of solutions after the algorithm: 1
2018-03-02 08:07:30.208 [AWT-EventQueue-0] INFO  fr.thib.model.game2.Combi - Time to execute 'searchCombi': 0ms
2018-03-02 08:07:30.569 [AWT-EventQueue-0] DEBUG fr.thib.model.game2.Combi - Number of solutions before the algorithm: 1
2018-03-02 08:07:30.569 [AWT-EventQueue-0] DEBUG fr.thib.model.game2.Combi - Number of solutions after the algorithm: 1
2018-03-02 08:07:30.570 [AWT-EventQueue-0] INFO  fr.thib.model.game2.Combi - Time to execute 'searchCombi': 1ms
